<?xml version="1.0" encoding="UTF-8"?>
<!-- Generated by org.testng.reporters.JUnitReportReporter -->
<testsuite name="example.Test.Test_Cases" tests="1" time="0.105" ignored="0" failures="0" timestamp="08 Feb 2018 08:34:06 GMT" skipped="0" hostname="Desktop-7" errors="0">
  <testcase name="SetBase" time="0.105" classname="example.Test.Test_Cases"/>
</testsuite> <!-- example.Test.Test_Cases -->
