<?xml version="1.0" encoding="UTF-8"?>
<!-- Generated by org.testng.reporters.JUnitReportReporter -->
<testsuite name="example.Test.NewSmokeTest" tests="3" time="67.334" ignored="0" failures="0" timestamp="14 Feb 2018 08:16:50 GMT" skipped="0" hostname="Desktop-7" errors="0">
  <testcase name="SelectDepart" time="28.271" classname="example.Test.NewSmokeTest"/>
  <testcase name="SelectFlying" time="38.241" classname="example.Test.NewSmokeTest"/>
  <testcase name="Loginpage" time="0.822" classname="example.Test.NewSmokeTest"/>
</testsuite> <!-- example.Test.NewSmokeTest -->
